# JRE version: Java(TM) SE Runtime Environment 18.9 (11.0.15+8) (build 11.0.15+8-LTS-149)
# Java VM: Java HotSpot(TM) 64-Bit Server VM 18.9 (11.0.15+8-LTS-149, mixed mode, tiered, compressed oops, g1 gc, windows-amd64)
Heap:
 garbage-first heap   total 189440K, used 106492K [0x0000000080a00000, 0x0000000100000000)
  region size 1024K, 50 young (51200K), 6 survivors (6144K)
 Metaspace       used 61824K, capacity 62608K, committed 62748K, reserved 1105920K
  class space    used 6915K, capacity 7242K, committed 7372K, reserved 1048576K
GC Heap History (10 events):
Event: 2.981 GC heap before
{Heap before GC invocations=5 (full 0):
 garbage-first heap   total 131072K, used 57344K [0x0000000080a00000, 0x0000000100000000)
  region size 1024K, 30 young (30720K), 5 survivors (5120K)
 Metaspace       used 35296K, capacity 35744K, committed 35920K, reserved 1081344K
  class space    used 4351K, capacity 4591K, committed 4608K, reserved 1048576K
}
Event: 2.988 GC heap after
{Heap after GC invocations=6 (full 0):
 garbage-first heap   total 157696K, used 34116K [0x0000000080a00000, 0x0000000100000000)
  region size 1024K, 3 young (3072K), 3 survivors (3072K)
 Metaspace       used 35296K, capacity 35744K, committed 35920K, reserved 1081344K
  class space    used 4351K, capacity 4591K, committed 4608K, reserved 1048576K
}
Event: 3.992 GC heap before
{Heap before GC invocations=7 (full 0):
 garbage-first heap   total 157696K, used 93508K [0x0000000080a00000, 0x0000000100000000)
  region size 1024K, 51 young (52224K), 3 survivors (3072K)
 Metaspace       used 44465K, capacity 45033K, committed 45340K, reserved 1089536K
  class space    used 5259K, capacity 5505K, committed 5580K, reserved 1048576K
}
Event: 3.998 GC heap after
{Heap after GC invocations=8 (full 0):
 garbage-first heap   total 157696K, used 40657K [0x0000000080a00000, 0x0000000100000000)
  region size 1024K, 7 young (7168K), 7 survivors (7168K)
 Metaspace       used 44465K, capacity 45033K, committed 45340K, reserved 1089536K
  class space    used 5259K, capacity 5505K, committed 5580K, reserved 1048576K
}
Event: 4.674 GC heap before
{Heap before GC invocations=9 (full 0):
 garbage-first heap   total 157696K, used 98001K [0x0000000080a00000, 0x0000000100000000)
  region size 1024K, 57 young (58368K), 7 survivors (7168K)
 Metaspace       used 48185K, capacity 48829K, committed 49052K, reserved 1093632K
  class space    used 5660K, capacity 5912K, committed 5964K, reserved 1048576K
}
Event: 4.683 GC heap after
{Heap after GC invocations=10 (full 0):
 garbage-first heap   total 157696K, used 49918K [0x0000000080a00000, 0x0000000100000000)
  region size 1024K, 4 young (4096K), 4 survivors (4096K)
 Metaspace       used 48185K, capacity 48829K, committed 49052K, reserved 1093632K
  class space    used 5660K, capacity 5912K, committed 5964K, reserved 1048576K
}
Event: 6.046 GC heap before
{Heap before GC invocations=10 (full 0):
 garbage-first heap   total 157696K, used 101118K [0x0000000080a00000, 0x0000000100000000)
  region size 1024K, 54 young (55296K), 4 survivors (4096K)
 Metaspace       used 55471K, capacity 56260K, committed 56604K, reserved 1099776K
  class space    used 6418K, capacity 6739K, committed 6860K, reserved 1048576K
}
Event: 6.055 GC heap after
{Heap after GC invocations=11 (full 0):
 garbage-first heap   total 157696K, used 56994K [0x0000000080a00000, 0x0000000100000000)
  region size 1024K, 7 young (7168K), 7 survivors (7168K)
 Metaspace       used 55471K, capacity 56260K, committed 56604K, reserved 1099776K
  class space    used 6418K, capacity 6739K, committed 6860K, reserved 1048576K
}
Event: 7.765 GC heap before
{Heap before GC invocations=11 (full 0):
 garbage-first heap   total 157696K, used 106146K [0x0000000080a00000, 0x0000000100000000)
  region size 1024K, 56 young (57344K), 7 survivors (7168K)
 Metaspace       used 59647K, capacity 60465K, committed 60700K, reserved 1103872K
  class space    used 6781K, capacity 7091K, committed 7116K, reserved 1048576K
}
Event: 7.780 GC heap after
{Heap after GC invocations=12 (full 0):
 garbage-first heap   total 189440K, used 62460K [0x0000000080a00000, 0x0000000100000000)
  region size 1024K, 6 young (6144K), 6 survivors (6144K)
 Metaspace       used 59647K, capacity 60465K, committed 60700K, reserved 1103872K
  class space    used 6781K, capacity 7091K, committed 7116K, reserved 1048576K
}

